ahdlcmicompile: Compiling ahdlcmi in input.ahdlSimDB//bsource_2b273e.va.bsource_2b273e.ahdlcmi/Linux-64/ for Linux-64 with optimize using gcc on Mon Feb 17 18:08:09 IST 2020 [5.0]
ahdlcmicompile: Generating makefile
PATH:  /home/install/SPECTRE171/bin:/home/install/SPECTRE171/tools/bin/64bit:/home/install/SPECTRE171/tools/bin:/home/install/IC617/bin:/home/install/IC617/tools/bin:/home/install/IC617/tools.lnx86/bin/64bit:/home/install/IC617/tools.lnx86/bin:/home/install/IC617/share/oa/bin:/home/install/IC617/tools/dfII/bin:/home/install/IC617/share/bin:/home/install/SPECTRE171/tools/dfII/bin:/home/install/SPECTRE171/tools.lnx86/bin:/home/install/INCISIVE152/bin:/home/install/INCISIVE152/tools/bin:/home/install/INCISIVE152/tools/dfII/bin:/home/install/INCISIVE152/tools.lnx86/dfII/bin:/home/install/INCISIVE152/tools.lnx86/dfII/bin:/home/install/INCISIVE152/share/bin:/home/install/ASSURA41/bin:/home/install/ASSURA41/tools/bin:/home/install/ASSURA41/tools/dfII/bin:/home/install/ASSURA41/tools.lnx86/dfII/bin:/home/install/ASSURA41/tools.lnx86/dfII/bin:/home/install/ASSURA41/share/bin:/home/install/PVS161/tools/assura/bin:/home/install/PVS161/tools/bin:/home/install/PVS161/bin:/home/install/PVS161/tools.lnx86/bin:/home/install/PVS161/tools/dfII/bin:/home/install/EXT181/tools/QRCraction/bin:/home/install/EXT181/tools/bin:/home/install/EXT181/tools/dfII/bin:/home/install/EXT181/tools.lnx86/bin:/home/install/EXT181/tools.lnx86/QRCraction/bin:/home/install/EXT181/tools.lnx86/QRCraction/bin/64bit:/home/install/EXT181/bin:/home/install/RC142/bin:/home/install/RC142/share/bin:/home/install/RC142/tools/dfII/bin:/home/install/RC142/tools.lnx86/dfII/bin:/home/install/RC142/tools/bin:/home/install/RC142/tools.lnx86/bin:/home/install/EDI142/bin:/home/install/EDI142/tools/bin:/home/install/EDI142/tools/dfII/bin:/home/install/EDI142/share/bin:/home/install/ETS131/bin:/home/install/ETS131/tools/bin:/home/install/ETS131/tools/dfII/bin:/home/install/ETS131/tools.lnx86/dfII/bin:/home/install/ETS131/tools.lnx86/dfII/bin:/home/install/ETS131/share/bin:/home/install/SPB172/bin:/home/install/SPB172/tools/pcb/bin:/home/install/SPB172/tools/dfII/bin:/home/install/SPB172/tools.lnx86/dfII/bin:/home/install/SPB172/tools.lnx86/dfII/bin:/home/install/SPB172/tools.lnx86/pcb/bin:/home/install/CONFRML172/bin:/home/install/CONFRML172/tools/bin:/home/install/CONFRML172/tools/dfII/bin:/home/install/CONFRML172/tools.lnx86/dfII/bin:/home/install/CONFRML172/tools.lnx86/dfII/bin:/home/install/CONFRML172/share/bin:/home/install/ET151/bin:/home/install/ET151/tools/bin:/home/install/ET151/tools/dfII/bin:/home/install/ET151/tools.lnx86/bin:/home/install/ET151/tools.lnx86/dfII/bin:/home/install/LIBERATE171/tools/bin:/home/install/LIBERATE171/tools/dfII/bin:/home/install/LIBERATE171/bin:/home/install/LIBERATE171/tools.lnx86/dfII/bin:/home/install/LIBERATE171/tools.lnx86/dfII/bin:/home/install/ET151/bin:/home/install/ET151/tools/bin:/home/install/ET151/tools/dfII/bin:/home/install/ET151/tools.lnx86/bin:/home/install/ET151/tools.lnx86/dfII/bin:/home/install/GENUS172/bin:/home/install/GENUS172/share/bin:/home/install/GENUS172/tools/dfII/bin:/home/install/GENUS172/tools.lnx86/dfII/bin:/home/install/GENUS172/tools/bin:/home/install/GENUS172/tools.lnx86/bin:/home/install/INNOVUS171/bin:/home/install/INNOVUS171/tools/bin:/home/install/INNOVUS171/tools/dfII/bin:/home/install/INNOVUS171/share/bin:/home/install/SSV172/bin:/home/install/SSV172/tools/bin:/home/install/SSV172/tools/dfII/bin:/home/install/SSV172/tools.lnx86/dfII/bin:/home/install/SSV172/tools.lnx86/dfII/bin:/home/install/SSV172/share/bin:/home/install/MODUS172/bin:/home/install/MODUS172/tools/bin:/home/install/MODUS172/tools/dfII/bin:/home/install/MODUS172/tools.lnx86/bin:/home/install/MODUS172/tools.lnx86/dfII/bin:/usr/lib/qt-3.3/bin:/usr/local/bin:/usr/local/sbin:/usr/bin:/usr/sbin:/bin:/sbin:/home/user/.local/bin:/home/user/bin
LD_LIBRARY_PATH:  /home/install/SPECTRE171/tools/giganta/lib/64bit:/home/install/SPECTRE171/tools/mdl/lib/64bit:/home/install/SPECTRE171/tools/mmsim/lib/64bit:/home/install/SPECTRE171/tools/tcltk-8.4.20/lib/64bit:/home/install/SPECTRE171/tools/inca/lib/64bit:/home/install/SPECTRE171/tools/spectre/lib/64bit:/home/install/SPECTRE171/tools/dfII/lib/64bit:/home/install/SPECTRE171/tools/lib/64bit:/home/install/SPECTRE171/tools/lib:/home/install/IC617/tools/lib:/home/install/IC617/tools/lib/RHEL/RHEL7:/home/install/IC617/share/oa/lib/linux_rhel50_gcc48x_64/opt:/home/install/IC617/tools.lnx86/Qt/64bit/lib:/home/install/IC617/tools.lnx86/dfII/lib/64bit:/home/install/IC617/tools.lnx86/sev/lib/64bit:/home/install/IC617/tools.lnx86/lib/64bit:/home/install/IC617/tools.lnx86/lib:/home/install/IC617/tools.lnx86/hdf5/lib/64bit:/home/install/IC617/tools.lnx86/lz4/lib/64bit:/home/install/INCISIVE152/tools.lnx86/lib/64bit:/home/install/IC617/tools.lnx86/lib/64bit/RHEL/RHEL7
/home/install/SPECTRE171/tools.lnx86/spectre/ahdlcmi/bin/gnumake -j8 -f GNUmakefile
Cleaning ./obj/optimize/5.0
rm -f -rf ./obj/optimize/5.0
Compiling C file bsource_2b273e_func.c (optimize)
Compiling C file bsource_2b273e_DcFuncDerLoad.c (optimize)
Compiling C file bsource_2b273e_DcFuncLoad.c (optimize)
Compiling C file bsource_2b273e_TranFuncDerSimLoad.c (optimize)
Compiling C file bsource_2b273e_TranFuncDerLoad.c (optimize)
/home/install/SPECTRE171/tools.lnx86/spectre/ahdlcmi/bin/64bit/ahdlcc 0 /home/install/SPECTRE171/tools.lnx86/cdsgcc/gcc/4.8/bin/gcc  -march=k8 -ffast-math  -fno-unsafe-math-optimizations -O3 -m64 -DSYSV -DSVR4 -D_REENTRANT -fPIC   -DconfigSPECTRE -I. -I/home/install/SPECTRE171/tools.lnx86/spectre/ahdlcmi/include -c bsource_2b273e_func.c -o obj/optimize/5.0/bsource_2b273e_func.o || rm -f -f obj/optimize/5.0/bsource_2b273e_func.o
/home/install/SPECTRE171/tools.lnx86/spectre/ahdlcmi/bin/64bit/ahdlcc 0 /home/install/SPECTRE171/tools.lnx86/cdsgcc/gcc/4.8/bin/gcc  -march=k8 -ffast-math  -fno-unsafe-math-optimizations -O3 -m64 -DSYSV -DSVR4 -D_REENTRANT -fPIC   -DconfigSPECTRE -I. -I/home/install/SPECTRE171/tools.lnx86/spectre/ahdlcmi/include -c bsource_2b273e_DcFuncDerLoad.c -o obj/optimize/5.0/bsource_2b273e_DcFuncDerLoad.o || rm -f -f obj/optimize/5.0/bsource_2b273e_DcFuncDerLoad.o
/home/install/SPECTRE171/tools.lnx86/spectre/ahdlcmi/bin/64bit/ahdlcc 0 /home/install/SPECTRE171/tools.lnx86/cdsgcc/gcc/4.8/bin/gcc  -march=k8 -ffast-math  -fno-unsafe-math-optimizations -O3 -m64 -DSYSV -DSVR4 -D_REENTRANT -fPIC   -DconfigSPECTRE -I. -I/home/install/SPECTRE171/tools.lnx86/spectre/ahdlcmi/include -c bsource_2b273e_DcFuncLoad.c -o obj/optimize/5.0/bsource_2b273e_DcFuncLoad.o || rm -f -f obj/optimize/5.0/bsource_2b273e_DcFuncLoad.o
Compiling C file bsource_2b273e_TranFuncLoad.c (optimize)
/home/install/SPECTRE171/tools.lnx86/spectre/ahdlcmi/bin/64bit/ahdlcc 0 /home/install/SPECTRE171/tools.lnx86/cdsgcc/gcc/4.8/bin/gcc  -march=k8 -ffast-math  -fno-unsafe-math-optimizations -O3 -m64 -DSYSV -DSVR4 -D_REENTRANT -fPIC   -DconfigSPECTRE -I. -I/home/install/SPECTRE171/tools.lnx86/spectre/ahdlcmi/include -c bsource_2b273e_TranFuncDerLoad.c -o obj/optimize/5.0/bsource_2b273e_TranFuncDerLoad.o || rm -f -f obj/optimize/5.0/bsource_2b273e_TranFuncDerLoad.o
/home/install/SPECTRE171/tools.lnx86/spectre/ahdlcmi/bin/64bit/ahdlcc 0 /home/install/SPECTRE171/tools.lnx86/cdsgcc/gcc/4.8/bin/gcc  -march=k8 -ffast-math  -fno-unsafe-math-optimizations -O3 -m64 -DSYSV -DSVR4 -D_REENTRANT -fPIC   -DconfigSPECTRE -I. -I/home/install/SPECTRE171/tools.lnx86/spectre/ahdlcmi/include -c bsource_2b273e_TranFuncDerSimLoad.c -o obj/optimize/5.0/bsource_2b273e_TranFuncDerSimLoad.o || rm -f -f obj/optimize/5.0/bsource_2b273e_TranFuncDerSimLoad.o
/home/install/SPECTRE171/tools.lnx86/spectre/ahdlcmi/bin/64bit/ahdlcc 0 /home/install/SPECTRE171/tools.lnx86/cdsgcc/gcc/4.8/bin/gcc  -march=k8 -ffast-math  -fno-unsafe-math-optimizations -O3 -m64 -DSYSV -DSVR4 -D_REENTRANT -fPIC   -DconfigSPECTRE -I. -I/home/install/SPECTRE171/tools.lnx86/spectre/ahdlcmi/include -c bsource_2b273e_TranFuncLoad.c -o obj/optimize/5.0/bsource_2b273e_TranFuncLoad.o || rm -f -f obj/optimize/5.0/bsource_2b273e_TranFuncLoad.o
Compiling C file bsource_2b273e_TranFuncSimLoad.c (optimize)
/home/install/SPECTRE171/tools.lnx86/spectre/ahdlcmi/bin/64bit/ahdlcc 0 /home/install/SPECTRE171/tools.lnx86/cdsgcc/gcc/4.8/bin/gcc  -march=k8 -ffast-math  -fno-unsafe-math-optimizations -O3 -m64 -DSYSV -DSVR4 -D_REENTRANT -fPIC   -DconfigSPECTRE -I. -I/home/install/SPECTRE171/tools.lnx86/spectre/ahdlcmi/include -c bsource_2b273e_TranFuncSimLoad.c -o obj/optimize/5.0/bsource_2b273e_TranFuncSimLoad.o || rm -f -f obj/optimize/5.0/bsource_2b273e_TranFuncSimLoad.o
Compiling C file bsource_2b273e_OpPointCalc.c (optimize)
/home/install/SPECTRE171/tools.lnx86/spectre/ahdlcmi/bin/64bit/ahdlcc 0 /home/install/SPECTRE171/tools.lnx86/cdsgcc/gcc/4.8/bin/gcc  -march=k8 -ffast-math  -fno-unsafe-math-optimizations -O3 -m64 -DSYSV -DSVR4 -D_REENTRANT -fPIC   -DconfigSPECTRE -I. -I/home/install/SPECTRE171/tools.lnx86/spectre/ahdlcmi/include -c bsource_2b273e_OpPointCalc.c -o obj/optimize/5.0/bsource_2b273e_OpPointCalc.o || rm -f -f obj/optimize/5.0/bsource_2b273e_OpPointCalc.o
rm -f -rf bsource_2b273e_TranFuncLoad.c
rm -f -rf bsource_2b273e_DcFuncLoad.c
rm -f -rf bsource_2b273e_TranFuncSimLoad.c
rm -f -rf bsource_2b273e_OpPointCalc.c
rm -f -rf bsource_2b273e_TranFuncDerLoad.c
rm -f -rf bsource_2b273e_TranFuncDerSimLoad.c
rm -f -rf bsource_2b273e_DcFuncDerLoad.c
Compiling C file bsource_2b273e_cmi_c.c (optimize)
/home/install/SPECTRE171/tools.lnx86/spectre/ahdlcmi/bin/64bit/ahdlcc 0 /home/install/SPECTRE171/tools.lnx86/cdsgcc/gcc/4.8/bin/gcc  -march=k8 -ffast-math  -fno-unsafe-math-optimizations -O3 -m64 -DSYSV -DSVR4 -D_REENTRANT -fPIC   -DconfigSPECTRE -I. -I/home/install/SPECTRE171/tools.lnx86/spectre/ahdlcmi/include -I/home/install/SPECTRE171/tools.lnx86/cmi/include -c bsource_2b273e_cmi_c.c -o obj/optimize/5.0/bsource_2b273e_cmi_c.o || rm -f -f obj/optimize/5.0/bsource_2b273e_cmi_c.o
rm -f -rf bsource_2b273e_func.c
<stdin>: In function 'bsource_2b273e_pDC_Load':
<stdin>:826:976: warning: passing argument 1 of 'aslDevFillZeorDiagonalElemet' makes pointer from integer without a cast [enabled by default]
In file included from <stdin>:24:0:
/home/install/SPECTRE171/tools.lnx86/spectre/ahdlcmi/include/ahdlDevLibGlobal.h:2591:37: note: expected 'void *' but argument is of type 'long int'
     ASL_FUNC_DECL_START extern void aslDevFillZeorDiagonalElemet( void *, int, unsigned int, struct ahdlFuncModeParam * );
                                     ^
<stdin>: In function 'bsource_2b273e_pCompare':
<stdin>:865:1205: warning: assignment makes integer from pointer without a cast [enabled by default]
<stdin>:865:894: warning: passing argument 1 of 'memcpy' makes pointer from integer without a cast [enabled by default]
In file included from /home/install/SPECTRE171/tools.lnx86/spectre/ahdlcmi/include/ahdlPiCmi.h:5:0,
                 from /home/install/SPECTRE171/tools.lnx86/spectre/ahdlcmi/include/ahdlDevLibGlobal.h:83,
                 from <stdin>:24:
/usr/include/string.h:42:14: note: expected 'void * __restrict__' but argument is of type 'long int'
 extern void *memcpy (void *__restrict __dest, const void *__restrict __src,
              ^
<stdin>:865:894: warning: passing argument 2 of 'memcpy' makes pointer from integer without a cast [enabled by default]
In file included from /home/install/SPECTRE171/tools.lnx86/spectre/ahdlcmi/include/ahdlPiCmi.h:5:0,
                 from /home/install/SPECTRE171/tools.lnx86/spectre/ahdlcmi/include/ahdlDevLibGlobal.h:83,
                 from <stdin>:24:
/usr/include/string.h:42:14: note: expected 'const void * __restrict__' but argument is of type 'long int'
 extern void *memcpy (void *__restrict __dest, const void *__restrict __src,
              ^
<stdin>:865:1447: warning: assignment makes integer from pointer without a cast [enabled by default]
<stdin>: In function 'bsource_2b273e_pGetMatrixPointers':
<stdin>:871:3046: warning: assignment makes integer from pointer without a cast [enabled by default]
<stdin>: In function 'bsource_2b273e_pAnalTranLoad':
<stdin>:903:2394: warning: passing argument 1 of 'aslDevFillZeorDiagonalElemet' makes pointer from integer without a cast [enabled by default]
In file included from <stdin>:24:0:
/home/install/SPECTRE171/tools.lnx86/spectre/ahdlcmi/include/ahdlDevLibGlobal.h:2591:37: note: expected 'void *' but argument is of type 'long int'
     ASL_FUNC_DECL_START extern void aslDevFillZeorDiagonalElemet( void *, int, unsigned int, struct ahdlFuncModeParam * );
                                     ^
<stdin>: In function 'bsource_2b273e_pNoiseBindSrcs':
<stdin>:929:506: warning: passing argument 3 of 'aslDevNoiseBindStartModel' discards 'const' qualifier from pointer target type [enabled by default]
In file included from <stdin>:24:0:
/home/install/SPECTRE171/tools.lnx86/spectre/ahdlcmi/include/ahdlDevLibGlobal.h:1098:37: note: expected 'char *' but argument is of type 'devModelID'
     ASL_FUNC_DECL_START extern void aslDevNoiseBindStartModel( struct noiseData *, devInstKnot *, char *, char * );
                                     ^
<stdin>: In function 'bsource_2b273e_pNoiseNameSrcs':
<stdin>:932:506: warning: passing argument 3 of 'aslDevNoiseNameModel' discards 'const' qualifier from pointer target type [enabled by default]
In file included from <stdin>:24:0:
/home/install/SPECTRE171/tools.lnx86/spectre/ahdlcmi/include/ahdlDevLibGlobal.h:1106:44: note: expected 'char *' but argument is of type 'devModelID'
     ASL_FUNC_DECL_START extern msgSeverity aslDevNoiseNameModel( struct noiseData *, devInstKnot *, char *, char * );
                                            ^
<stdin>: In function 'bsource_2b273e_pSaveRestart':
<stdin>:938:545: warning: passing argument 2 of 'aslDevAvarSR' from incompatible pointer type [enabled by default]
In file included from <stdin>:24:0:
/home/install/SPECTRE171/tools.lnx86/spectre/ahdlcmi/include/ahdlDevLibGlobal.h:1223:43: note: expected 'struct ahdlAnalogVar *' but argument is of type 'char *'
     ASL_FUNC_DECL_START extern PklError_e aslDevAvarSR( int, struct ahdlAnalogVar *, char *, char *, char *, PklJar_t * );
                                           ^
<stdin>: In function 'bsource_2b273e_pSaveRestartInst':
<stdin>:941:547: warning: passing argument 2 of 'aslDevAvarSR' from incompatible pointer type [enabled by default]
In file included from <stdin>:24:0:
/home/install/SPECTRE171/tools.lnx86/spectre/ahdlcmi/include/ahdlDevLibGlobal.h:1223:43: note: expected 'struct ahdlAnalogVar *' but argument is of type 'char *'
     ASL_FUNC_DECL_START extern PklError_e aslDevAvarSR( int, struct ahdlAnalogVar *, char *, char *, char *, PklJar_t * );
                                           ^
rm -f -rf bsource_2b273e_cmi_c.c
/home/install/SPECTRE171/tools.lnx86/cdsgcc/gcc/4.8/bin/gcc -shared -O3 -m64 -fPIC -o obj/optimize/5.0/libahdlcmi_bsource_2b273e.so ./obj/optimize/5.0/bsource_2b273e_func.o ./obj/optimize/5.0/bsource_2b273e_DcFuncDerLoad.o ./obj/optimize/5.0/bsource_2b273e_DcFuncLoad.o ./obj/optimize/5.0/bsource_2b273e_TranFuncDerLoad.o ./obj/optimize/5.0/bsource_2b273e_TranFuncDerSimLoad.o ./obj/optimize/5.0/bsource_2b273e_TranFuncLoad.o ./obj/optimize/5.0/bsource_2b273e_TranFuncSimLoad.o ./obj/optimize/5.0/bsource_2b273e_OpPointCalc.o ./obj/optimize/5.0/bsource_2b273e_cmi_c.o  -Wl,-rpath,/usr/lib -Wl,-rpath,/lib -s 
rm -f -f ./obj/optimize/5.0/bsource_2b273e_func.o ./obj/optimize/5.0/bsource_2b273e_DcFuncDerLoad.o ./obj/optimize/5.0/bsource_2b273e_DcFuncLoad.o ./obj/optimize/5.0/bsource_2b273e_TranFuncDerLoad.o ./obj/optimize/5.0/bsource_2b273e_TranFuncDerSimLoad.o ./obj/optimize/5.0/bsource_2b273e_TranFuncLoad.o ./obj/optimize/5.0/bsource_2b273e_TranFuncSimLoad.o ./obj/optimize/5.0/bsource_2b273e_OpPointCalc.o ./obj/optimize/5.0/bsource_2b273e_cmi_c.o 
